extraction_destination_respective_repo_root_path
         path = R:\extractTest\XORO TCP-RTSP Java IntelliJ
         path = R:\extractTest\XORO TCP-RTSP Java IntelliJ - encoding debug -20160723190638\XORO TCP-RTSP Java IntelliJ
         path = R:\extractTest\XORO TCP-RTSP Java IntelliJ - encoding debug v2 -20160723193854\XORO TCP-RTSP Java IntelliJ
         path = R:\extractTest\XORO TCP-RTSP Java IntelliJ - UDP Discovery - 20160723224442\XORO TCP-RTSP Java IntelliJ
         path = R:\extractTest\XORO TCP-RTSP Java IntelliJ - UDP Discovery, ReceiveSocketThread - 20160724040505\XORO TCP-RTSP Java IntelliJ
         path = R:\extractTest\XORO TCP-RTSP Java IntelliJ - UDP Discovery, ReceiveSocketThread 2 - 20160724041842\XORO TCP-RTSP Java IntelliJ
         path = R:\extractTest\XORO TCP-RTSP Java IntelliJ - UDP Discovery, ReceiveSocketThread 3 - 20160724165408\XORO TCP-RTSP Java IntelliJ
         path = R:\extractTest\XORO TCP-RTSP Java IntelliJ - UDP Discovery, ReceiveSocketThread 4 - 20160724231909\XORO TCP-RTSP Java IntelliJ
         path = R:\extractTest\XORO TCP-RTSP Java IntelliJ - cmd 2001, cmd 3 UpdatePlayingChannel - 20160725044124\XORO TCP-RTSP Java IntelliJ
         path = R:\extractTest\XORO TCP-RTSP Java IntelliJ - UpdatePlayingChannel, tx rx Msg List + type - 20160725172919\XORO TCP-RTSP Java IntelliJ
         path = R:\extractTest\XORO TCP-RTSP Java IntelliJ - tx rx Msg List + type - 20160725175901\XORO TCP-RTSP Java IntelliJ
         path = R:\extractTest\XORO TCP-RTSP Java IntelliJ - rx Msg List + type - 20160726000115\XORO TCP-RTSP Java IntelliJ
         path = R:\extractTest\XORO TCP-RTSP Java IntelliJ - rx Msg List + type - maybe no change - 20160726015326\XORO TCP-RTSP Java IntelliJ
         path = R:\extractTest\XORO TCP-RTSP Java IntelliJ - rtsp query string - 20160726034009\XORO TCP-RTSP Java IntelliJ
         path = R:\extractTest\XORO TCP-RTSP Java IntelliJ - rtsp SETUP PLAY static - 20160726204256\XORO TCP-RTSP Java IntelliJ
         path = R:\extractTest\XORO TCP-RTSP Java IntelliJ - rtsp implementation - 20160727000448\XORO TCP-RTSP Java IntelliJ
         path = R:\extractTest\XORO TCP-RTSP Java IntelliJ - rtsp worked but not stabel - 20160727053158\XORO TCP-RTSP Java IntelliJ
         path = R:\extractTest\XORO TCP-RTSP Java IntelliJ - rtsp debug progress - 20160727182045\XORO TCP-RTSP Java IntelliJ
         path = R:\extractTest\XORO TCP-RTSP Java IntelliJ - rtsp worked still not stable - 20160729155847\XORO TCP-RTSP Java IntelliJ
         path = R:\extractTest\XORO TCP-RTSP Java IntelliJ - rtsp worked still not stable - 20160729155847 - venue1120160927154138\XORO TCP-RTSP Java IntelliJ - rtsp worked still not stable - 20160729155847
         path = R:\extractTest\XORO TCP-RTSP Java IntelliJ - rtsp worked still not stable - 20160729155847 - venue11 (discovery selectionListener)20160927235346\XORO TCP-RTSP Java IntelliJ - rtsp worked still not stable - 20160729155847